<?xml version="1.0" encoding="UTF-8"?>
<!-- Generated by org.testng.reporters.JUnitReportReporter -->
<testsuite hostname="Jeswin-Acer-Nitro-5" failures="0" tests="12" name="testpkg.TestClass" time="40.409" errors="0" timestamp="2025-09-19T21:45:52 IST" skipped="0">
  <testcase classname="testpkg.TestClass" name="logoCheck" time="0.460"/>
  <testcase classname="testpkg.TestClass" name="titleCheck" time="0.024"/>
  <testcase classname="testpkg.TestClass" name="scrollButtonCheck" time="0.255"/>
  <testcase classname="testpkg.TestClass" name="navigationMenuCheck" time="1.409"/>
  <testcase classname="testpkg.TestClass" name="searchCheck" time="9.806"/>
  <testcase classname="testpkg.TestClass" name="newsCheck" time="5.502"/>
  <testcase classname="testpkg.TestClass" name="newsCheck" time="7.386"/>
  <testcase classname="testpkg.TestClass" name="newsCheck" time="7.527"/>
  <testcase classname="testpkg.TestClass" name="goingUp" time="0.174"/>
  <testcase classname="testpkg.TestClass" name="where" time="3.414"/>
  <testcase classname="testpkg.TestClass" name="experiences" time="3.686"/>
  <testcase classname="testpkg.TestClass" name="plan" time="0.766"/>
</testsuite> <!-- testpkg.TestClass -->
